C:\USERS\STEVEN\DOCUMENTS\VISUAL STUDIO 2012\PROJECTS\SPACEBALLS\BUILD\DEBUG\BSPLINE.OBJ
C:\USERS\STEVEN\DOCUMENTS\VISUAL STUDIO 2012\PROJECTS\SPACEBALLS\BUILD\DEBUG\CAMERA.OBJ
C:\USERS\STEVEN\DOCUMENTS\VISUAL STUDIO 2012\PROJECTS\SPACEBALLS\BUILD\DEBUG\CUBEMODEL.OBJ
C:\USERS\STEVEN\DOCUMENTS\VISUAL STUDIO 2012\PROJECTS\SPACEBALLS\BUILD\DEBUG\EARTHMODEL.OBJ
C:\USERS\STEVEN\DOCUMENTS\VISUAL STUDIO 2012\PROJECTS\SPACEBALLS\BUILD\DEBUG\MOONMODEL.OBJ
C:\USERS\STEVEN\DOCUMENTS\VISUAL STUDIO 2012\PROJECTS\SPACEBALLS\BUILD\DEBUG\PATH.OBJ
C:\USERS\STEVEN\DOCUMENTS\VISUAL STUDIO 2012\PROJECTS\SPACEBALLS\BUILD\DEBUG\SPHEREMODEL.OBJ
C:\USERS\STEVEN\DOCUMENTS\VISUAL STUDIO 2012\PROJECTS\SPACEBALLS\BUILD\DEBUG\STATICCAMERA.OBJ
C:\USERS\STEVEN\DOCUMENTS\VISUAL STUDIO 2012\PROJECTS\SPACEBALLS\BUILD\DEBUG\EVENTMANAGER.OBJ
C:\USERS\STEVEN\DOCUMENTS\VISUAL STUDIO 2012\PROJECTS\SPACEBALLS\BUILD\DEBUG\MAIN.OBJ
C:\USERS\STEVEN\DOCUMENTS\VISUAL STUDIO 2012\PROJECTS\SPACEBALLS\BUILD\DEBUG\MODEL.OBJ
C:\USERS\STEVEN\DOCUMENTS\VISUAL STUDIO 2012\PROJECTS\SPACEBALLS\BUILD\DEBUG\RENDERER.OBJ
C:\USERS\STEVEN\DOCUMENTS\VISUAL STUDIO 2012\PROJECTS\SPACEBALLS\BUILD\DEBUG\TEXTURE.OBJ
C:\USERS\STEVEN\DOCUMENTS\VISUAL STUDIO 2012\PROJECTS\SPACEBALLS\BUILD\DEBUG\WORLD.OBJ
C:\USERS\STEVEN\DOCUMENTS\VISUAL STUDIO 2012\PROJECTS\SPACEBALLS\BUILD\DEBUG\VC110.PDB
C:\USERS\STEVEN\DOCUMENTS\VISUAL STUDIO 2012\PROJECTS\SPACEBALLS\BIN\SPACEBALLS-DEBUG.ILK
C:\USERS\STEVEN\DOCUMENTS\VISUAL STUDIO 2012\PROJECTS\SPACEBALLS\BIN\SPACEBALLS-DEBUG.EXE
C:\USERS\STEVEN\DOCUMENTS\VISUAL STUDIO 2012\PROJECTS\SPACEBALLS\BIN\SPACEBALLS-DEBUG.PDB
C:\Users\Steven\Documents\Visual Studio 2012\Projects\SpaceBalls\Build\Debug\BSpline.obj
C:\Users\Steven\Documents\Visual Studio 2012\Projects\SpaceBalls\Build\Debug\Camera.obj
C:\Users\Steven\Documents\Visual Studio 2012\Projects\SpaceBalls\Build\Debug\CubeModel.obj
C:\Users\Steven\Documents\Visual Studio 2012\Projects\SpaceBalls\Build\Debug\EarthModel.obj
C:\Users\Steven\Documents\Visual Studio 2012\Projects\SpaceBalls\Build\Debug\EventManager.obj
C:\Users\Steven\Documents\Visual Studio 2012\Projects\SpaceBalls\Build\Debug\main.obj
C:\Users\Steven\Documents\Visual Studio 2012\Projects\SpaceBalls\Build\Debug\Model.obj
C:\Users\Steven\Documents\Visual Studio 2012\Projects\SpaceBalls\Build\Debug\MoonModel.obj
C:\Users\Steven\Documents\Visual Studio 2012\Projects\SpaceBalls\Build\Debug\Path.obj
C:\Users\Steven\Documents\Visual Studio 2012\Projects\SpaceBalls\Build\Debug\Renderer.obj
C:\Users\Steven\Documents\Visual Studio 2012\Projects\SpaceBalls\Build\Debug\SphereModel.obj
C:\Users\Steven\Documents\Visual Studio 2012\Projects\SpaceBalls\Build\Debug\StaticCamera.obj
C:\Users\Steven\Documents\Visual Studio 2012\Projects\SpaceBalls\Build\Debug\texture.obj
C:\Users\Steven\Documents\Visual Studio 2012\Projects\SpaceBalls\Build\Debug\World.obj
C:\Users\Steven\Documents\Visual Studio 2012\Projects\SpaceBalls\Build\Debug\cl.command.1.tlog
C:\Users\Steven\Documents\Visual Studio 2012\Projects\SpaceBalls\Build\Debug\CL.read.1.tlog
C:\Users\Steven\Documents\Visual Studio 2012\Projects\SpaceBalls\Build\Debug\CL.write.1.tlog
C:\Users\Steven\Documents\Visual Studio 2012\Projects\SpaceBalls\Build\Debug\link-cvtres.read.1.tlog
C:\Users\Steven\Documents\Visual Studio 2012\Projects\SpaceBalls\Build\Debug\link-cvtres.write.1.tlog
C:\Users\Steven\Documents\Visual Studio 2012\Projects\SpaceBalls\Build\Debug\link-rc.read.1.tlog
C:\Users\Steven\Documents\Visual Studio 2012\Projects\SpaceBalls\Build\Debug\link-rc.write.1.tlog
C:\Users\Steven\Documents\Visual Studio 2012\Projects\SpaceBalls\Build\Debug\link.6268-cvtres.read.1.tlog
C:\Users\Steven\Documents\Visual Studio 2012\Projects\SpaceBalls\Build\Debug\link.6268-cvtres.write.1.tlog
C:\Users\Steven\Documents\Visual Studio 2012\Projects\SpaceBalls\Build\Debug\link.6268-rc.read.1.tlog
C:\Users\Steven\Documents\Visual Studio 2012\Projects\SpaceBalls\Build\Debug\link.6268-rc.write.1.tlog
C:\Users\Steven\Documents\Visual Studio 2012\Projects\SpaceBalls\Build\Debug\link.6268.read.1.tlog
C:\Users\Steven\Documents\Visual Studio 2012\Projects\SpaceBalls\Build\Debug\link.6268.write.1.tlog
C:\Users\Steven\Documents\Visual Studio 2012\Projects\SpaceBalls\Build\Debug\link.command.1.tlog
C:\Users\Steven\Documents\Visual Studio 2012\Projects\SpaceBalls\Build\Debug\link.read.1.tlog
C:\Users\Steven\Documents\Visual Studio 2012\Projects\SpaceBalls\Build\Debug\link.write.1.tlog
C:\Users\Steven\Documents\Visual Studio 2012\Projects\SpaceBalls\Build\Debug\vc110.idb
C:\Users\Steven\Documents\Visual Studio 2012\Projects\SpaceBalls\Build\Debug\vc110.pdb
C:\Users\Steven\Documents\Visual Studio 2012\Projects\SpaceBalls\VS2012\/../Bin/Spaceballs-Debug.pdb
C:\Users\Steven\Documents\Visual Studio 2012\Projects\SpaceBalls\VS2012\/../Bin/Spaceballs-Debug.exe
C:\Users\Steven\Documents\Visual Studio 2012\Projects\SpaceBalls\VS2012\/../Bin/Spaceballs-Debug.ilk
